0 info it worked if it ends with ok
1 verbose cli [ '/home/bobi/.nvm/v0.10.36/bin/node',
1 verbose cli   '/home/bobi/.nvm/v0.10.36/bin/npm',
1 verbose cli   'adduser' ]
2 info using npm@1.4.28
3 info using node@v0.10.36
4 verbose adduser before first PUT { name: 'bobiblazeski',
4 verbose adduser   password: 'XXXXX',
4 verbose adduser   email: 'slobodan.blazeski@gmail.com',
4 verbose adduser   _id: 'org.couchdb.user:bobiblazeski',
4 verbose adduser   type: 'user',
4 verbose adduser   roles: [],
4 verbose adduser   date: '2015-01-31T14:12:23.803Z' }
5 verbose request where is /-/user/org.couchdb.user:bobiblazeski
6 verbose request registry https://registry.npmjs.org/
7 verbose request id b8f1c0a4e3f5230f
8 verbose url raw /-/user/org.couchdb.user:bobiblazeski
9 verbose url resolving [ 'https://registry.npmjs.org/',
9 verbose url resolving   './-/user/org.couchdb.user:bobiblazeski' ]
10 verbose url resolved https://registry.npmjs.org/-/user/org.couchdb.user:bobiblazeski
11 verbose request where is https://registry.npmjs.org/-/user/org.couchdb.user:bobiblazeski
12 info trying registry request attempt 1 at 15:12:23
13 http PUT https://registry.npmjs.org/-/user/org.couchdb.user:bobiblazeski
14 http 409 https://registry.npmjs.org/-/user/org.couchdb.user:bobiblazeski
15 verbose headers { date: 'Sat, 31 Jan 2015 14:12:23 GMT',
15 verbose headers   server: 'CouchDB/1.5.0 (Erlang OTP/R16B03)',
15 verbose headers   'content-type': 'application/json',
15 verbose headers   'cache-control': 'max-age=60',
15 verbose headers   'content-length': '58',
15 verbose headers   'accept-ranges': 'bytes',
15 verbose headers   via: '1.1 varnish',
15 verbose headers   'x-served-by': 'cache-fra1229-FRA',
15 verbose headers   'x-cache': 'MISS',
15 verbose headers   'x-cache-hits': '0',
15 verbose headers   'x-timer': 'S1422713543.244590,VS0,VE693',
15 verbose headers   'keep-alive': 'timeout=10, max=50',
15 verbose headers   connection: 'Keep-Alive' }
16 verbose adduser update existing user
17 verbose request where is /-/user/org.couchdb.user:bobiblazeski?write=true
18 verbose request registry https://registry.npmjs.org/
19 verbose url raw /-/user/org.couchdb.user:bobiblazeski?write=true
20 verbose url resolving [ 'https://registry.npmjs.org/',
20 verbose url resolving   './-/user/org.couchdb.user:bobiblazeski?write=true' ]
21 verbose url resolved https://registry.npmjs.org/-/user/org.couchdb.user:bobiblazeski?write=true
22 verbose request where is https://registry.npmjs.org/-/user/org.couchdb.user:bobiblazeski?write=true
23 info trying registry request attempt 1 at 15:12:24
24 http GET https://registry.npmjs.org/-/user/org.couchdb.user:bobiblazeski?write=true
25 http 200 https://registry.npmjs.org/-/user/org.couchdb.user:bobiblazeski?write=true
26 verbose adduser userobj { name: 'bobiblazeski',
26 verbose adduser   password: 'XXXXX',
26 verbose adduser   email: 'slobodan.blazeski@gmail.com',
26 verbose adduser   _id: 'org.couchdb.user:bobiblazeski',
26 verbose adduser   type: 'user',
26 verbose adduser   roles: [],
26 verbose adduser   date: '2015-01-31T14:12:23.803Z' }
27 verbose request where is /-/user/org.couchdb.user:bobiblazeski/-rev/5-502717f3cb01f89ac193bec851008fdf
28 verbose request registry https://registry.npmjs.org/
29 verbose url raw /-/user/org.couchdb.user:bobiblazeski/-rev/5-502717f3cb01f89ac193bec851008fdf
30 verbose url resolving [ 'https://registry.npmjs.org/',
30 verbose url resolving   './-/user/org.couchdb.user:bobiblazeski/-rev/5-502717f3cb01f89ac193bec851008fdf' ]
31 verbose url resolved https://registry.npmjs.org/-/user/org.couchdb.user:bobiblazeski/-rev/5-502717f3cb01f89ac193bec851008fdf
32 verbose request where is https://registry.npmjs.org/-/user/org.couchdb.user:bobiblazeski/-rev/5-502717f3cb01f89ac193bec851008fdf
33 info trying registry request attempt 1 at 15:12:25
34 http PUT https://registry.npmjs.org/-/user/org.couchdb.user:bobiblazeski/-rev/5-502717f3cb01f89ac193bec851008fdf
35 http 401 https://registry.npmjs.org/-/user/org.couchdb.user:bobiblazeski/-rev/5-502717f3cb01f89ac193bec851008fdf
36 verbose headers { date: 'Sat, 31 Jan 2015 14:12:24 GMT',
36 verbose headers   server: 'CouchDB/1.5.0 (Erlang OTP/R16B03)',
36 verbose headers   'content-type': 'application/json',
36 verbose headers   'cache-control': 'max-age=60',
36 verbose headers   'content-length': '67',
36 verbose headers   'accept-ranges': 'bytes',
36 verbose headers   via: '1.1 varnish',
36 verbose headers   'x-served-by': 'cache-fra1229-FRA',
36 verbose headers   'x-cache': 'MISS',
36 verbose headers   'x-cache-hits': '0',
36 verbose headers   'x-timer': 'S1422713544.577294,VS0,VE163',
36 verbose headers   'keep-alive': 'timeout=10, max=50',
36 verbose headers   connection: 'Keep-Alive' }
37 verbose adduser back [ [Error: unauthorized Name or password is incorrect.: -/user/org.couchdb.user:bobiblazeski/-rev/5-502717f3cb01f89ac193bec851008fdf],
37 verbose adduser   { error: 'unauthorized',
37 verbose adduser     reason: 'Name or password is incorrect.' },
37 verbose adduser   '{"error":"unauthorized","reason":"Name or password is incorrect."}' ]
38 warn adduser Incorrect username or password
38 warn adduser You can reset your account by visiting:
38 warn adduser
38 warn adduser     https://npmjs.org/forgot
39 error Error: unauthorized Name or password is incorrect.: -/user/org.couchdb.user:bobiblazeski/-rev/5-502717f3cb01f89ac193bec851008fdf
39 error     at RegClient.<anonymous> (/home/bobi/.nvm/v0.10.36/lib/node_modules/npm/node_modules/npm-registry-client/lib/request.js:308:14)
39 error     at Request._callback (/home/bobi/.nvm/v0.10.36/lib/node_modules/npm/node_modules/npm-registry-client/lib/request.js:246:65)
39 error     at Request.self.callback (/home/bobi/.nvm/v0.10.36/lib/node_modules/npm/node_modules/request/request.js:236:22)
39 error     at Request.emit (events.js:98:17)
39 error     at Request.<anonymous> (/home/bobi/.nvm/v0.10.36/lib/node_modules/npm/node_modules/request/request.js:1142:14)
39 error     at Request.emit (events.js:117:20)
39 error     at IncomingMessage.<anonymous> (/home/bobi/.nvm/v0.10.36/lib/node_modules/npm/node_modules/request/request.js:1096:12)
39 error     at IncomingMessage.emit (events.js:117:20)
39 error     at _stream_readable.js:944:16
39 error     at process._tickCallback (node.js:442:13)
40 error If you need help, you may report this *entire* log,
40 error including the npm and node versions, at:
40 error     <http://github.com/npm/npm/issues>
41 error System Linux 3.13.0-32-generic
42 error command "/home/bobi/.nvm/v0.10.36/bin/node" "/home/bobi/.nvm/v0.10.36/bin/npm" "adduser"
43 error cwd /home/bobi/js/Q
44 error node -v v0.10.36
45 error npm -v 1.4.28
46 verbose exit [ 1, true ]
